{"C:\\Users\\Gabriel\\Documents\\2026 Project\\React TS\\REST_API_NODE_SERVER\\src\\router.ts": {"path":"C:\\Users\\Gabriel\\Documents\\2026 Project\\React TS\\REST_API_NODE_SERVER\\src\\router.ts","statementMap":{"0":{"start":{"line":1,"column":0},"end":{"line":1,"column":32}},"1":{"start":{"line":2,"column":0},"end":{"line":2,"column":50}},"2":{"start":{"line":3,"column":0},"end":{"line":3,"column":47}},"3":{"start":{"line":4,"column":0},"end":{"line":4,"column":65}},"4":{"start":{"line":5,"column":0},"end":{"line":5,"column":115}},"5":{"start":{"line":7,"column":23},"end":{"line":7,"column":31}},"6":{"start":{"line":9,"column":0},"end":{"line":9,"column":null}},"7":{"start":{"line":10,"column":0},"end":{"line":13,"column":null}},"8":{"start":{"line":15,"column":0},"end":{"line":21,"column":null}},"9":{"start":{"line":19,"column":25},"end":{"line":19,"column":34}},"10":{"start":{"line":23,"column":0},"end":{"line":32,"column":null}},"11":{"start":{"line":28,"column":25},"end":{"line":28,"column":34}},"12":{"start":{"line":34,"column":0},"end":{"line":39,"column":null}},"13":{"start":{"line":41,"column":0},"end":{"line":45,"column":null}},"14":{"start":{"line":47,"column":0},"end":{"line":47,"column":null}}},"fnMap":{"0":{"name":"(anonymous_0)","decl":{"start":{"line":19,"column":16},"end":{"line":19,"column":21}},"loc":{"start":{"line":19,"column":25},"end":{"line":19,"column":34}}},"1":{"name":"(anonymous_1)","decl":{"start":{"line":28,"column":16},"end":{"line":28,"column":21}},"loc":{"start":{"line":28,"column":25},"end":{"line":28,"column":34}}}},"branchMap":{},"s":{"0":2,"1":2,"2":2,"3":2,"4":2,"5":2,"6":2,"7":2,"8":2,"9":3,"10":2,"11":5,"12":2,"13":2,"14":2},"f":{"0":3,"1":5},"b":{}}
,"C:\\Users\\Gabriel\\Documents\\2026 Project\\React TS\\REST_API_NODE_SERVER\\src\\server.ts": {"path":"C:\\Users\\Gabriel\\Documents\\2026 Project\\React TS\\REST_API_NODE_SERVER\\src\\server.ts","statementMap":{"0":{"start":{"line":9,"column":0},"end":{"line":9,"column":7}},"1":{"start":{"line":1,"column":0},"end":{"line":1,"column":29}},"2":{"start":{"line":3,"column":0},"end":{"line":3,"column":30}},"3":{"start":{"line":4,"column":0},"end":{"line":4,"column":29}},"4":{"start":{"line":5,"column":0},"end":{"line":5,"column":27}},"5":{"start":{"line":10,"column":4},"end":{"line":17,"column":5}},"6":{"start":{"line":11,"column":8},"end":{"line":11,"column":null}},"7":{"start":{"line":12,"column":8},"end":{"line":12,"column":null}},"8":{"start":{"line":15,"column":8},"end":{"line":15,"column":null}},"9":{"start":{"line":16,"column":8},"end":{"line":16,"column":null}},"10":{"start":{"line":20,"column":0},"end":{"line":20,"column":null}},"11":{"start":{"line":23,"column":24},"end":{"line":23,"column":33}},"12":{"start":{"line":26,"column":0},"end":{"line":26,"column":null}},"13":{"start":{"line":27,"column":0},"end":{"line":27,"column":null}},"14":{"start":{"line":29,"column":0},"end":{"line":31,"column":null}},"15":{"start":{"line":30,"column":4},"end":{"line":30,"column":null}},"16":{"start":{"line":34,"column":0},"end":{"line":34,"column":null}}},"fnMap":{"0":{"name":"connectionDB","decl":{"start":{"line":9,"column":22},"end":{"line":9,"column":34}},"loc":{"start":{"line":9,"column":34},"end":{"line":18,"column":1}}},"1":{"name":"(anonymous_2)","decl":{"start":{"line":29,"column":19},"end":{"line":29,"column":20}},"loc":{"start":{"line":29,"column":32},"end":{"line":31,"column":1}}}},"branchMap":{},"s":{"0":2,"1":2,"2":2,"3":2,"4":2,"5":3,"6":3,"7":2,"8":1,"9":1,"10":2,"11":2,"12":2,"13":2,"14":2,"15":1,"16":2},"f":{"0":3,"1":1},"b":{}}
,"C:\\Users\\Gabriel\\Documents\\2026 Project\\React TS\\REST_API_NODE_SERVER\\src\\config\\db.ts": {"path":"C:\\Users\\Gabriel\\Documents\\2026 Project\\React TS\\REST_API_NODE_SERVER\\src\\config\\db.ts","statementMap":{"0":{"start":{"line":1,"column":0},"end":{"line":1,"column":49}},"1":{"start":{"line":2,"column":0},"end":{"line":2,"column":31}},"2":{"start":{"line":3,"column":0},"end":{"line":3,"column":46}},"3":{"start":{"line":5,"column":0},"end":{"line":5,"column":null}},"4":{"start":{"line":6,"column":11},"end":{"line":9,"column":2}},"5":{"start":{"line":11,"column":0},"end":{"line":11,"column":null}}},"fnMap":{},"branchMap":{},"s":{"0":2,"1":2,"2":2,"3":2,"4":2,"5":2},"f":{},"b":{}}
,"C:\\Users\\Gabriel\\Documents\\2026 Project\\React TS\\REST_API_NODE_SERVER\\src\\handlers\\product.ts": {"path":"C:\\Users\\Gabriel\\Documents\\2026 Project\\React TS\\REST_API_NODE_SERVER\\src\\handlers\\product.ts","statementMap":{"0":{"start":{"line":2,"column":0},"end":{"line":2,"column":45}},"1":{"start":{"line":5,"column":27},"end":{"line":19,"column":1}},"2":{"start":{"line":7,"column":21},"end":{"line":13,"column":6}},"3":{"start":{"line":14,"column":4},"end":{"line":14,"column":null}},"4":{"start":{"line":5,"column":13},"end":{"line":5,"column":27}},"5":{"start":{"line":21,"column":31},"end":{"line":36,"column":1}},"6":{"start":{"line":23,"column":19},"end":{"line":23,"column":29}},"7":{"start":{"line":24,"column":20},"end":{"line":24,"column":46}},"8":{"start":{"line":26,"column":4},"end":{"line":30,"column":5}},"9":{"start":{"line":27,"column":8},"end":{"line":29,"column":null}},"10":{"start":{"line":32,"column":4},"end":{"line":32,"column":null}},"11":{"start":{"line":21,"column":13},"end":{"line":21,"column":31}},"12":{"start":{"line":38,"column":29},"end":{"line":59,"column":1}},"13":{"start":{"line":52,"column":20},"end":{"line":52,"column":50}},"14":{"start":{"line":53,"column":4},"end":{"line":53,"column":null}},"15":{"start":{"line":38,"column":13},"end":{"line":38,"column":29}},"16":{"start":{"line":61,"column":29},"end":{"line":80,"column":1}},"17":{"start":{"line":63,"column":19},"end":{"line":63,"column":29}},"18":{"start":{"line":64,"column":20},"end":{"line":64,"column":46}},"19":{"start":{"line":66,"column":4},"end":{"line":70,"column":5}},"20":{"start":{"line":67,"column":8},"end":{"line":69,"column":null}},"21":{"start":{"line":72,"column":27},"end":{"line":72,"column":35}},"22":{"start":{"line":73,"column":4},"end":{"line":73,"column":null}},"23":{"start":{"line":74,"column":4},"end":{"line":74,"column":null}},"24":{"start":{"line":76,"column":4},"end":{"line":76,"column":null}},"25":{"start":{"line":61,"column":13},"end":{"line":61,"column":29}},"26":{"start":{"line":82,"column":34},"end":{"line":100,"column":1}},"27":{"start":{"line":84,"column":19},"end":{"line":84,"column":29}},"28":{"start":{"line":85,"column":20},"end":{"line":85,"column":46}},"29":{"start":{"line":87,"column":4},"end":{"line":91,"column":5}},"30":{"start":{"line":88,"column":8},"end":{"line":90,"column":null}},"31":{"start":{"line":93,"column":4},"end":{"line":93,"column":null}},"32":{"start":{"line":94,"column":4},"end":{"line":94,"column":null}},"33":{"start":{"line":96,"column":4},"end":{"line":96,"column":null}},"34":{"start":{"line":82,"column":13},"end":{"line":82,"column":34}},"35":{"start":{"line":102,"column":29},"end":{"line":119,"column":1}},"36":{"start":{"line":104,"column":19},"end":{"line":104,"column":29}},"37":{"start":{"line":105,"column":20},"end":{"line":105,"column":46}},"38":{"start":{"line":107,"column":4},"end":{"line":111,"column":5}},"39":{"start":{"line":108,"column":8},"end":{"line":110,"column":null}},"40":{"start":{"line":113,"column":4},"end":{"line":113,"column":null}},"41":{"start":{"line":115,"column":4},"end":{"line":115,"column":null}},"42":{"start":{"line":102,"column":13},"end":{"line":102,"column":29}}},"fnMap":{"0":{"name":"(anonymous_1)","decl":{"start":{"line":5,"column":27},"end":{"line":5,"column":32}},"loc":{"start":{"line":5,"column":65},"end":{"line":19,"column":1}}},"1":{"name":"(anonymous_2)","decl":{"start":{"line":21,"column":31},"end":{"line":21,"column":36}},"loc":{"start":{"line":21,"column":85},"end":{"line":36,"column":1}}},"2":{"name":"(anonymous_3)","decl":{"start":{"line":38,"column":29},"end":{"line":38,"column":34}},"loc":{"start":{"line":38,"column":67},"end":{"line":59,"column":1}}},"3":{"name":"(anonymous_4)","decl":{"start":{"line":61,"column":29},"end":{"line":61,"column":34}},"loc":{"start":{"line":61,"column":83},"end":{"line":80,"column":1}}},"4":{"name":"(anonymous_5)","decl":{"start":{"line":82,"column":34},"end":{"line":82,"column":39}},"loc":{"start":{"line":82,"column":88},"end":{"line":100,"column":1}}},"5":{"name":"(anonymous_6)","decl":{"start":{"line":102,"column":29},"end":{"line":102,"column":34}},"loc":{"start":{"line":102,"column":83},"end":{"line":119,"column":1}}}},"branchMap":{"0":{"loc":{"start":{"line":26,"column":4},"end":{"line":30,"column":5}},"type":"if","locations":[{"start":{"line":26,"column":4},"end":{"line":30,"column":5}},{"start":{},"end":{}}]},"1":{"loc":{"start":{"line":66,"column":4},"end":{"line":70,"column":5}},"type":"if","locations":[{"start":{"line":66,"column":4},"end":{"line":70,"column":5}},{"start":{},"end":{}}]},"2":{"loc":{"start":{"line":87,"column":4},"end":{"line":91,"column":5}},"type":"if","locations":[{"start":{"line":87,"column":4},"end":{"line":91,"column":5}},{"start":{},"end":{}}]},"3":{"loc":{"start":{"line":107,"column":4},"end":{"line":111,"column":5}},"type":"if","locations":[{"start":{"line":107,"column":4},"end":{"line":111,"column":5}},{"start":{},"end":{}}]}},"s":{"0":2,"1":2,"2":2,"3":2,"4":2,"5":2,"6":2,"7":2,"8":2,"9":1,"10":1,"11":2,"12":2,"13":1,"14":1,"15":2,"16":2,"17":2,"18":2,"19":2,"20":1,"21":1,"22":1,"23":1,"24":1,"25":2,"26":2,"27":2,"28":2,"29":2,"30":1,"31":1,"32":1,"33":1,"34":2,"35":2,"36":2,"37":2,"38":2,"39":1,"40":1,"41":1,"42":2},"f":{"0":2,"1":2,"2":1,"3":2,"4":2,"5":2},"b":{"0":[1,1],"1":[1,1],"2":[1,1],"3":[1,1]}}
,"C:\\Users\\Gabriel\\Documents\\2026 Project\\React TS\\REST_API_NODE_SERVER\\src\\midleware\\productMiddleware.ts": {"path":"C:\\Users\\Gabriel\\Documents\\2026 Project\\React TS\\REST_API_NODE_SERVER\\src\\midleware\\productMiddleware.ts","statementMap":{"0":{"start":{"line":1,"column":0},"end":{"line":1,"column":52}},"1":{"start":{"line":4,"column":33},"end":{"line":10,"column":1}},"2":{"start":{"line":5,"column":17},"end":{"line":5,"column":38}},"3":{"start":{"line":6,"column":4},"end":{"line":8,"column":5}},"4":{"start":{"line":7,"column":8},"end":{"line":7,"column":null}},"5":{"start":{"line":9,"column":4},"end":{"line":9,"column":null}},"6":{"start":{"line":4,"column":13},"end":{"line":4,"column":33}}},"fnMap":{"0":{"name":"(anonymous_0)","decl":{"start":{"line":4,"column":33},"end":{"line":4,"column":34}},"loc":{"start":{"line":4,"column":71},"end":{"line":10,"column":1}}}},"branchMap":{"0":{"loc":{"start":{"line":6,"column":4},"end":{"line":8,"column":5}},"type":"if","locations":[{"start":{"line":6,"column":4},"end":{"line":8,"column":5}},{"start":{},"end":{}}]}},"s":{"0":2,"1":2,"2":16,"3":16,"4":7,"5":9,"6":2},"f":{"0":16},"b":{"0":[7,9]}}
,"C:\\Users\\Gabriel\\Documents\\2026 Project\\React TS\\REST_API_NODE_SERVER\\src\\models\\Product.model.ts": {"path":"C:\\Users\\Gabriel\\Documents\\2026 Project\\React TS\\REST_API_NODE_SERVER\\src\\models\\Product.model.ts","statementMap":{"0":{"start":{"line":1,"column":0},"end":{"line":1,"column":79}},"1":{"start":{"line":7,"column":15},"end":{"line":23,"column":null}},"2":{"start":{"line":11,"column":12},"end":{"line":11,"column":null}},"3":{"start":{"line":16,"column":12},"end":{"line":16,"column":null}},"4":{"start":{"line":22,"column":12},"end":{"line":22,"column":null}},"5":{"start":{"line":7,"column":21},"end":{"line":23,"column":null}},"6":{"start":{"line":7,"column":21},"end":{"line":7,"column":29}}},"fnMap":{},"branchMap":{},"s":{"0":3,"1":3,"2":3,"3":3,"4":3,"5":3,"6":3},"f":{},"b":{}}
}
