TN:
SF:src\router.ts
FN:230,(anonymous_0)
FN:239,(anonymous_1)
FNF:2
FNH:2
FNDA:3,(anonymous_0)
FNDA:5,(anonymous_1)
DA:1,2
DA:2,2
DA:3,2
DA:4,2
DA:5,2
DA:7,2
DA:220,2
DA:221,2
DA:226,2
DA:230,3
DA:234,2
DA:239,5
DA:245,2
DA:252,2
DA:258,2
LF:15
LH:15
BRF:0
BRH:0
end_of_record
TN:
SF:src\server.ts
FN:11,connectionDB
FNF:1
FNH:1
FNDA:3,connectionDB
DA:1,2
DA:3,2
DA:4,2
DA:5,2
DA:6,2
DA:7,2
DA:11,2
DA:12,3
DA:13,3
DA:14,2
DA:17,1
DA:18,1
DA:22,2
DA:25,2
DA:28,2
DA:29,2
DA:32,2
DA:34,2
LF:18
LH:18
BRF:0
BRH:0
end_of_record
TN:
SF:src\config\db.ts
FNF:0
FNH:0
DA:1,2
DA:2,2
DA:3,2
DA:5,2
DA:6,2
DA:11,2
LF:6
LH:6
BRF:0
BRH:0
end_of_record
TN:
SF:src\config\swagger.ts
FNF:0
FNH:0
DA:1,2
DA:4,2
DA:20,2
DA:21,2
DA:31,2
DA:33,2
LF:6
LH:6
BRF:0
BRH:0
end_of_record
TN:
SF:src\handlers\product.ts
FN:5,(anonymous_1)
FN:21,(anonymous_2)
FN:38,(anonymous_3)
FN:61,(anonymous_4)
FN:82,(anonymous_5)
FN:102,(anonymous_6)
FNF:6
FNH:6
FNDA:2,(anonymous_1)
FNDA:2,(anonymous_2)
FNDA:1,(anonymous_3)
FNDA:2,(anonymous_4)
FNDA:2,(anonymous_5)
FNDA:2,(anonymous_6)
DA:2,2
DA:5,2
DA:7,2
DA:14,2
DA:21,2
DA:23,2
DA:24,2
DA:26,2
DA:27,1
DA:32,1
DA:38,2
DA:52,1
DA:53,1
DA:61,2
DA:63,2
DA:64,2
DA:66,2
DA:67,1
DA:72,1
DA:73,1
DA:74,1
DA:76,1
DA:82,2
DA:84,2
DA:85,2
DA:87,2
DA:88,1
DA:93,1
DA:94,1
DA:96,1
DA:102,2
DA:104,2
DA:105,2
DA:107,2
DA:108,1
DA:113,1
DA:115,1
LF:37
LH:37
BRDA:26,0,0,1
BRDA:26,0,1,1
BRDA:66,1,0,1
BRDA:66,1,1,1
BRDA:87,2,0,1
BRDA:87,2,1,1
BRDA:107,3,0,1
BRDA:107,3,1,1
BRF:8
BRH:8
end_of_record
TN:
SF:src\midleware\productMiddleware.ts
FN:4,(anonymous_0)
FNF:1
FNH:1
FNDA:16,(anonymous_0)
DA:1,2
DA:4,2
DA:5,16
DA:6,16
DA:7,7
DA:9,9
LF:6
LH:6
BRDA:6,0,0,7
BRDA:6,0,1,9
BRF:2
BRH:2
end_of_record
TN:
SF:src\models\Product.model.ts
FNF:0
FNH:0
DA:1,3
DA:7,3
DA:11,3
DA:16,3
DA:22,3
LF:5
LH:5
BRF:0
BRH:0
end_of_record
